<?xml version="1.0" encoding="UTF-8"?>
<!-- Generated by org.testng.reporters.JUnitReportReporter -->
<testsuite skipped="0" hostname="DESKTOP-KR2QRN8" name="com.testcase.Test_CurrencyConversion" tests="5" failures="0" timestamp="08 Aug 2021 10:03:30 GMT" time="96.223" errors="0">
  <testcase name="testThirdStep" time="29.176" classname="com.testcase.Test_CurrencyConversion"/>
  <testcase name="testSecondStep" time="24.873" classname="com.testcase.Test_CurrencyConversion"/>
  <testcase name="testFirstStep" time="3.855" classname="com.testcase.Test_CurrencyConversion"/>
  <testcase name="testMenu" time="33.560" classname="com.testcase.Test_CurrencyConversion"/>
  <testcase name="homePageLogo" time="4.759" classname="com.testcase.Test_CurrencyConversion"/>
</testsuite> <!-- com.testcase.Test_CurrencyConversion -->
